Breakpoint 1 at 0x21ca: file psu_thread.c, line 311.
Starting program: /home/niramay/Documents/Fall_2021/CSE_511_OS/project-1-thread-migrator-NiramayVaidya/app1 localhost 0
[Thread debugging using libthread_db enabled]
Using host libthread_db library "/lib/x86_64-linux-gnu/libthread_db.so.1".

Breakpoint 1, psu_thread_migrate (hostname=0x5655a380 <REMOTE_HOSTNAME> "localhost") at psu_thread.c:311
311			n = write(socket_fd, &foo_offset, sizeof(int));
eax            0x3                 3
ecx            0x0                 0
edx            0x5655bf98          1448460184
ebx            0x56559f58          1448451928
esp            0x5655c410          0x5655c410 <foo_stack+8080>
ebp            0x5655c448          0x5655c448 <foo_stack+8136>
esi            0xffffcee0          -12576
edi            0xf7f88000          -134709248
eip            0x565571ca          0x565571ca <psu_thread_migrate+388>
eflags         0x202               [ IF ]
cs             0x23                35
ss             0x2b                43
ds             0x2b                43
es             0x2b                43
fs             0x0                 0
gs             0x63                99
Stack level 0, frame at 0x5655c450:
 eip = 0x565571ca in psu_thread_migrate (psu_thread.c:311); saved eip = 0x56556658
 called by frame at 0x5655c470
 source language c.
 Arglist at 0x5655c40c, args: hostname=0x5655a380 <REMOTE_HOSTNAME> "localhost"
 Locals at 0x5655c40c, Previous frame's sp is 0x5655c450
 Saved registers:
  ebx at 0x5655c444, ebp at 0x5655c448, eip at 0x5655c44c
$1 = {uc_flags = 0x0, uc_link = 0x0, uc_stack = {ss_sp = 0x5655a480, ss_flags = 0x0, ss_size = 0x2000}, uc_mcontext = {gregs = {0x0, 0x0, 0x0, 0x0, 0xf7f88000, 0xffffcee0, 0x5655c448, 0x5655c400, 0x56559f58, 0x56559f58, 0xffffffff, 0x0, 0x0, 0x0, 0x56557092, 0x0, 0x0, 
      0x0, 0x0}, fpregs = 0x5655a16c, oldmask = 0x0, cr2 = 0x0}, uc_sigmask = {__val = {0x0 <repeats 32 times>}}, __fpregs_mem = {cw = 0xffff037f, sw = 0xffff0000, tag = 0xffffffff, ipoff = 0x0, cssel = 0x0, dataoff = 0x0, datasel = 0xffff0000, _st = {{significand = {
          0x0, 0x0, 0x0, 0x0}, exponent = 0x0}, {significand = {0x0, 0x0, 0x0, 0x0}, exponent = 0x0}, {significand = {0x0, 0x0, 0x0, 0x0}, exponent = 0x0}, {significand = {0x0, 0x0, 0x0, 0x0}, exponent = 0x0}, {significand = {0x0, 0x0, 0x0, 0x0}, exponent = 0x0}, {
        significand = {0x0, 0x0, 0x0, 0x0}, exponent = 0x0}, {significand = {0x0, 0x0, 0x0, 0x0}, exponent = 0x0}, {significand = {0x0, 0x0, 0x0, 0x0}, exponent = 0x0}}, status = 0x0}, __ssp = {0x0, 0x0, 0x0, 0x0}}
$2 = 0x5655c448
$3 = 0x5655c400
$4 = 0x56557092
$5 = {0x0 <repeats 1592 times>, 0xf7f88d20, 0x2c, 0x5655e370, 0xf7e9569b, 0x0, 0x0, 0x0, 0x0, 0x0, 0x2c, 0x2c, 0xf7e1ce9b, 0x1, 0x5655e370, 0x2c, 0x0, 0xf7f88d20, 0x3, 0x5655e370, 0xf7e9569b, 0x5655e370, 0x5655e370, 0xf7f88f20, 0xf7e1bfb7, 0xf7f88d20, 0x3, 0x3, 
  0xf7e1ce9b, 0x1, 0x5655e370, 0x3, 0x0, 0x0, 0x0, 0x0, 0xf7f88d20, 0x5655e370, 0x5655e370, 0xf7f88f20, 0xf7e1bfb7, 0xf7f88d20, 0x5655e370, 0x3, 0xf7e1e47b, 0xf7f88d20, 0x7d4, 0x3, 0x0, 0x0, 0x0, 0x0, 0x3, 0xffffffff, 0x1, 0x0, 0xf7e1e01f, 0xf7f88d20, 0xffffffff, 
  0xf7f88d20, 0xf7e1e47b, 0xf7f88d20, 0x5655e370, 0x3, 0x1, 0x0, 0x0, 0xf7e1d49f, 0x6c0, 0xf7f88d20, 0x1, 0x0, 0xf7e1d578, 0xf7f88d20, 0xffffffff, 0x1, 0x0, 0x0, 0x0, 0x0, 0x1, 0xffffffac, 0x0, 0xf7e1d49f, 0xf7f895e0, 0xf7f89f88, 0x0, 0xf7f88000, 0xf7e05f3e, 
  0x5655bf98, 0x0, 0x1, 0x0, 0x5655c37a, 0x0, 0x0, 0x0, 0xffffffac, 0x0, 0x2, 0x0, 0xf7f2a500, 0x0, 0x0, 0x0, 0x44, 0x0, 0xffffffff, 0x0, 0x5655c3ba, 0x0, 0x0, 0x0, 0x20, 0xa, 0x1, 0x0, 0x0, 0x0, 0xffffffb4, 0x0, 0x0, 0x0, 0xf7f88f20, 0x7d4, 0x56558353, 0x56558351, 
  0x5655c408, 0xf7f88d20, 0x0, 0x1, 0x56558351, 0x3, 0x56558354, 0x5655c404, 0x0, 0x0, 0x0, 0x0, 0x0, 0x0, 0x0, 0x0, 0xf7fa0db0, 0xf7f88d20, 0x0 <repeats 143 times>, 0x5655c3d8, 0x56559f58, 0x0, 0xf7e6cd16, 0xf7e9fdd6, 0x5655c257, 0x0, 0x0, 0x0, 0x0, 0x0, 0x0, 
  0xf7f88000, 0x0, 0x694c0000, 0x78756e, 0x0 <repeats 14 times>, 0x4e000000, 0x6d617269, 0x492d7961, 0x6970736e, 0x2d6e6f72, 0x35313535, 0x0 <repeats 11 times>...}
Dump of assembler code for function foo:
   0x56556614 <+0>:	endbr32 
   0x56556618 <+4>:	push   %ebp
   0x56556619 <+5>:	mov    %esp,%ebp
   0x5655661b <+7>:	push   %ebx
   0x5655661c <+8>:	sub    $0x4,%esp
   0x5655661f <+11>:	call   0x56556490 <__x86.get_pc_thunk.bx>
   0x56556624 <+16>:	add    $0x3934,%ebx
   0x5655662a <+22>:	sub    $0xc,%esp
   0x5655662d <+25>:	push   $0x1c
   0x5655662f <+27>:	call   0x5655658d <print_hostname>
   0x56556634 <+32>:	add    $0x10,%esp
   0x56556637 <+35>:	sub    $0xc,%esp
   0x5655663a <+38>:	lea    -0x1f2a(%ebx),%eax
   0x56556640 <+44>:	push   %eax
   0x56556641 <+45>:	call   0x56556340 <puts@plt>
   0x56556646 <+50>:	add    $0x10,%esp
   0x56556649 <+53>:	sub    $0xc,%esp
   0x5655664c <+56>:	lea    0x428(%ebx),%eax
   0x56556652 <+62>:	push   %eax
   0x56556653 <+63>:	call   0x56557046 <psu_thread_migrate>
   0x56556658 <+68>:	add    $0x10,%esp
   0x5655665b <+71>:	sub    $0xc,%esp
   0x5655665e <+74>:	push   $0x1f
   0x56556660 <+76>:	call   0x5655658d <print_hostname>
   0x56556665 <+81>:	add    $0x10,%esp
   0x56556668 <+84>:	sub    $0xc,%esp
   0x5655666b <+87>:	lea    -0x1f1f(%ebx),%eax
   0x56556671 <+93>:	push   %eax
   0x56556672 <+94>:	call   0x56556340 <puts@plt>
   0x56556677 <+99>:	add    $0x10,%esp
   0x5655667a <+102>:	mov    $0x0,%eax
   0x5655667f <+107>:	mov    -0x4(%ebp),%ebx
   0x56556682 <+110>:	leave  
   0x56556683 <+111>:	ret    
End of assembler dump.
312			if (n < 0) {
317			else if (n < sizeof(int)) {
322			exit(0);
$6 = {0x0 <repeats 1592 times>, 0xf7f88d20, 0x2c, 0x5655e370, 0xf7e9569b, 0x0, 0x0, 0x0, 0x0, 0x0, 0x2c, 0x2c, 0xf7e1ce9b, 0x1, 0x5655e370, 0x2c, 0x0, 0xf7f88d20, 0x3, 0x5655e370, 0xf7e9569b, 0x5655e370, 0x5655e370, 0xf7f88f20, 0xf7e1bfb7, 0xf7f88d20, 0x3, 0x3, 
  0xf7e1ce9b, 0x1, 0x5655e370, 0x3, 0x0, 0x0, 0x0, 0x0, 0xf7f88d20, 0x5655e370, 0x5655e370, 0xf7f88f20, 0xf7e1bfb7, 0xf7f88d20, 0x5655e370, 0x3, 0xf7e1e47b, 0xf7f88d20, 0x7d4, 0x3, 0x0, 0x0, 0x0, 0x0, 0x3, 0xffffffff, 0x1, 0x0, 0xf7e1e01f, 0xf7f88d20, 0xffffffff, 
  0xf7f88d20, 0xf7e1e47b, 0xf7f88d20, 0x5655e370, 0x3, 0x1, 0x0, 0x0, 0xf7e1d49f, 0x6c0, 0xf7f88d20, 0x1, 0x0, 0xf7e1d578, 0xf7f88d20, 0xffffffff, 0x1, 0x0, 0x0, 0x0, 0x0, 0x1, 0xffffffac, 0x0, 0xf7e1d49f, 0xf7f895e0, 0xf7f89f88, 0x0, 0xf7f88000, 0xf7e05f3e, 
  0x5655bf98, 0x0, 0x1, 0x0, 0x5655c37a, 0x0, 0x0, 0x0, 0xffffffac, 0x0, 0x2, 0x0, 0xf7f2a500, 0x0, 0x0, 0x0, 0x44, 0x0, 0xffffffff, 0x0, 0x5655c3ba, 0x0, 0x0, 0x0, 0x20, 0xa, 0x1, 0x0, 0x0, 0x0, 0xffffffb4, 0x0, 0x0, 0x0, 0xf7f88f20, 0x7d4, 0x56558353, 0x56558351, 
  0x5655c408, 0xf7f88d20, 0x0, 0x1, 0x56558351, 0x3, 0x56558354, 0x5655c404, 0x0, 0x0, 0x0, 0x0, 0x0, 0x0, 0x0, 0x0, 0xf7fa0db0, 0xf7f88d20, 0x0 <repeats 143 times>, 0x5655c3d8, 0x56559f58, 0x0, 0xf7e6cd16, 0xf7e9fdd6, 0x5655c257, 0x0, 0x0, 0x0, 0x0, 0x0, 0x0, 
  0xf7f88000, 0x0, 0x694c0000, 0x78756e, 0x0 <repeats 14 times>, 0x4e000000, 0x6d617269, 0x492d7961, 0x6970736e, 0x2d6e6f72, 0x35313535, 0x0 <repeats 11 times>...}
Continuing.
[Inferior 1 (process 454707) exited normally]
