No symbol "unlimited" in current context.
expansion:  History expansion on command input is off.
filename:  The filename in which to record the command history is "gdb_logs/client_1.cmd".
save:  Saving of the history record on exit is off.
size:  The size of the command history is 1024.
expansion:  History expansion on command input is off.
filename:  The filename in which to record the command history is "gdb_logs/client_1.cmd".
save:  Saving of the history record on exit is on.
size:  The size of the command history is 1024.
Breakpoint 1 at 0x80491ea: file psu_thread.c, line 294.
Num     Type           Disp Enb Address    What
1       breakpoint     keep y   0x080491ea in psu_thread_migrate at psu_thread.c:294
Starting program: /home/grads/nvv5143/project-1-thread-migrator-NiramayVaidya/app1 localhost 0
[Thread debugging using libthread_db enabled]
Using host libthread_db library "/lib64/libthread_db.so.1".

Breakpoint 1, psu_thread_migrate (hostname=0x804b260 <REMOTE_HOSTNAME> "localhost") at psu_thread.c:294
294			n = write(thread_info.sock_fd, &user_func_offset, sizeof(int));
Missing separate debuginfos, use: debuginfo-install glibc-2.17-324.el7_9.i686
eax            0x2a	42
ecx            0x0	0
edx            0x2a	42
ebx            0x1	1
esp            0x804d4b0	0x804d4b0 <thread_info+8528>
ebp            0x804d4d8	0x804d4d8 <thread_info+8568>
esi            0x0	0
edi            0x0	0
eip            0x80491ea	0x80491ea <psu_thread_migrate+131>
eflags         0x212	[ AF IF ]
cs             0x23	35
ss             0x2b	43
ds             0x2b	43
es             0x2b	43
fs             0x0	0
gs             0x63	99
Stack level 0, frame at 0x804d4e0:
 eip = 0x80491ea in psu_thread_migrate (psu_thread.c:294); saved eip 0x8048ac0
 called by frame at 0x804d500
 source language c.
 Arglist at 0x804d4d8, args: hostname=0x804b260 <REMOTE_HOSTNAME> "localhost"
 Locals at 0x804d4d8, Previous frame's sp is 0x804d4e0
 Saved registers:
  ebp at 0x804d4d8, eip at 0x804d4dc
Dump of assembler code for function foo:
   0x08048a96 <+0>:	push   %ebp
   0x08048a97 <+1>:	mov    %esp,%ebp
   0x08048a99 <+3>:	sub    $0x18,%esp
   0x08048a9c <+6>:	movl   $0x1c,(%esp)
   0x08048aa3 <+13>:	call   0x8048a3d <print_hostname>
   0x08048aa8 <+18>:	movl   $0x804931a,(%esp)
   0x08048aaf <+25>:	call   0x8048830 <puts@plt>
   0x08048ab4 <+30>:	movl   $0x804b260,(%esp)
   0x08048abb <+37>:	call   0x8049167 <psu_thread_migrate>
   0x08048ac0 <+42>:	movl   $0x1f,(%esp)
   0x08048ac7 <+49>:	call   0x8048a3d <print_hostname>
   0x08048acc <+54>:	movl   $0x8049325,(%esp)
   0x08048ad3 <+61>:	call   0x8048830 <puts@plt>
   0x08048ad8 <+66>:	mov    $0x0,%eax
   0x08048add <+71>:	leave  
   0x08048ade <+72>:	ret    
End of assembler dump.
$1 = {uc_flags = 0x0, uc_link = 0x0, uc_stack = {ss_sp = 0x804b508, ss_flags = 0x0, ss_size = 0x2000}, uc_mcontext = {gregs = {0x0, 0x0, 0x0, 0x0, 0x0, 0x0, 0x804d4d8, 0x804d4b0, 0x1, 0xf7f88898, 0xffffffff, 0x0, 0x0, 0x0, 0x8049186, 0x0, 0x0, 0x0, 0x0}, 
    fpregs = 0x804b498, oldmask = 0x0, cr2 = 0x0}, uc_sigmask = {__val = {0x0 <repeats 32 times>}}, __fpregs_mem = {cw = 0xffff037f, sw = 0xffff0000, tag = 0xffffffff, ipoff = 0x0, cssel = 0x0, dataoff = 0x0, datasel = 0xffff0000, _st = {{significand = {0x0, 0x0, 0x0, 
          0x0}, exponent = 0x0}, {significand = {0x0, 0x0, 0x0, 0x0}, exponent = 0x0}, {significand = {0x0, 0x0, 0x0, 0x0}, exponent = 0x0}, {significand = {0x0, 0x0, 0x0, 0x0}, exponent = 0x0}, {significand = {0x0, 0x0, 0x0, 0x0}, exponent = 0x0}, {significand = {0x0, 
          0x0, 0x0, 0x0}, exponent = 0x0}, {significand = {0x0, 0x0, 0x0, 0x0}, exponent = 0x0}, {significand = {0x0, 0x0, 0x0, 0x0}, exponent = 0x0}}, status = 0x0}}
$2 = 0x804d4d8
$3 = 0x804d4b0
$4 = 0x8049186
$5 = {0x0 <repeats 1568 times>, 0x1, 0xf7f87000, 0x804cde0, 0xf7eaac52, 0xf7f87000, 0xf7e356fe, 0x3, 0x1000, 0xf7eb7eb8, 0x400, 0xf7f87ae0, 0xf7f87000, 0xf7f87ae0, 0xf7e26569, 0xf7f87ae0, 0xf7fd7000, 0xf7fd7400, 0x1, 0xffffffff, 0x0, 0x0, 0x0, 0xc, 0x0, 0x0, 0x3, 
  0x2190, 0x1, 0x393729, 0x5, 0x8800, 0x0, 0x0, 0x0, 0x0, 0x400, 0xf7f87ae0, 0x30, 0xf7fd7000, 0xf7eab953, 0xf7f87000, 0xf7e329c1, 0x1, 0xf7fd7000, 0x30, 0x0, 0xf7f87ae0, 0xf7f858c0, 0xffffffff, 0xf7e344aa, 0xf7f87ae0, 0xf7fd7000, 0x30, 0xf7e357b5, 0xf7f87ae0, 
  0xf7fd7000, 0x0, 0xf7f87000, 0xf7f87ae0, 0x804930a, 0x1, 0xf7f87000, 0xf7f87ae0, 0x30, 0xffffffff, 0xf7e349ba, 0xf7f87ae0, 0xf7fd7000, 0x30, 0x0, 0x0, 0x0, 0x0, 0xf7f87000, 0xf7f87ae0, 0x1, 0x0, 0xf7e332f7, 0xf7f87ae0, 0xffffffff, 0x1, 0x0, 0x0, 0x0, 0x0, 0x7d4, 0x0, 
  0xf7f85260, 0x0, 0x0, 0x0, 0x0, 0xf7e03bbd, 0xf7e3ccf8, 0xf7f87000, 0xf7f87ae0, 0xf7f87ae0, 0xf7e0492c, 0x804d004, 0x0, 0x1, 0x0 <repeats 18 times>, 0xfffffffe, 0x0, 0x1c, 0x0, 0x0, 0x0, 0xa, 0x0, 0x0, 0x0, 0x0, 0x0, 0x0, 0xffffffff, 0x1, 0x64, 0x200000, 0x804d40e, 
  0x804d45c, 0x0, 0xf7e064f6, 0xf7f85260, 0x0, 0x0, 0x0, 0x0, 0x0, 0x804930a, 0x1, 0x7d4, 0x30, 0x0, 0x0, 0x8049319, 0x804d454, 0x0, 0x0, 0x0, 0x0, 0x0, 0xf7f99e00, 0xf7f87ae0, 0x0 <repeats 150 times>, 0xf7fe3b3d, 0xf7dd3378, 0x8048543, 0x0, 0x2, 0x804843d, 0xf7fd86f0, 
  0xf7f87000, 0xf7ffcfbc, 0xf7dc238c, 0x2, 0xf7fd89fc, 0xf7fe4214, 0x1a, 0x0, 0x0, 0x0, 0xf7fd89fc, 0x4, 0x804d2e0, 0xab595d, 0x156b2bb8, 0xf7dc3f18, 0xf7dc6788, 0x0, 0x0, 0x0...}
295			if (n < 0) {
300			else if (n < sizeof(int)) {
305			exit(0);
$6 = {0x0 <repeats 1568 times>, 0x1, 0xf7f87000, 0x804cde0, 0xf7eaac52, 0xf7f87000, 0xf7e356fe, 0x3, 0x1000, 0xf7eb7eb8, 0x400, 0xf7f87ae0, 0xf7f87000, 0xf7f87ae0, 0xf7e26569, 0xf7f87ae0, 0xf7fd7000, 0xf7fd7400, 0x1, 0xffffffff, 0x0, 0x0, 0x0, 0xc, 0x0, 0x0, 0x3, 
  0x2190, 0x1, 0x393729, 0x5, 0x8800, 0x0, 0x0, 0x0, 0x0, 0x400, 0xf7f87ae0, 0x30, 0xf7fd7000, 0xf7eab953, 0xf7f87000, 0xf7e329c1, 0x1, 0xf7fd7000, 0x30, 0x0, 0xf7f87ae0, 0xf7f858c0, 0xffffffff, 0xf7e344aa, 0xf7f87ae0, 0xf7fd7000, 0x30, 0xf7e357b5, 0xf7f87ae0, 
  0xf7fd7000, 0x0, 0xf7f87000, 0xf7f87ae0, 0x804930a, 0x1, 0xf7f87000, 0xf7f87ae0, 0x30, 0xffffffff, 0xf7e349ba, 0xf7f87ae0, 0xf7fd7000, 0x30, 0x0, 0x0, 0x0, 0x0, 0xf7f87000, 0xf7f87ae0, 0x1, 0x0, 0xf7e332f7, 0xf7f87ae0, 0xffffffff, 0x1, 0x0, 0x0, 0x0, 0x0, 0x7d4, 0x0, 
  0xf7f85260, 0x0, 0x0, 0x0, 0x0, 0xf7e03bbd, 0xf7e3ccf8, 0xf7f87000, 0xf7f87ae0, 0xf7f87ae0, 0xf7e0492c, 0x804d004, 0x0, 0x1, 0x0 <repeats 18 times>, 0xfffffffe, 0x0, 0x1c, 0x0, 0x0, 0x0, 0xa, 0x0, 0x0, 0x0, 0x0, 0x0, 0x0, 0xffffffff, 0x1, 0x64, 0x200000, 0x804d40e, 
  0x804d45c, 0x0, 0xf7e064f6, 0xf7f85260, 0x0, 0x0, 0x0, 0x0, 0x0, 0x804930a, 0x1, 0x7d4, 0x30, 0x0, 0x0, 0x8049319, 0x804d454, 0x0, 0x0, 0x0, 0x0, 0x0, 0xf7f99e00, 0xf7f87ae0, 0x0 <repeats 150 times>, 0xf7fe3b3d, 0xf7dd3378, 0x8048543, 0x0, 0x2, 0x804843d, 0xf7fd86f0, 
  0xf7f87000, 0xf7ffcfbc, 0xf7dc238c, 0x2, 0xf7fd89fc, 0xf7fe4214, 0x1a, 0x0, 0x0, 0x0, 0xf7fd89fc, 0x4, 0x804d2e0, 0xab595d, 0x156b2bb8, 0xf7dc3f18, 0xf7dc6788, 0xf7fe3b3d, 0xf7f8e795, 0x8048543...}
$7 = 42
No symbol "user_func" in current context.
A debugging session is active.

	Inferior 1 [process 24482] will be killed.

Quit anyway? (y or n) Not confirmed.
Continuing.
[Inferior 1 (process 24482) exited normally]
